Created by PLY version 3.11 (http://www.dabeaz.com/ply)

Grammar

Rule 0     S' -> declaraciones
Rule 1     declaraciones -> declaracion declaraciones
Rule 2     declaraciones -> declaracion
Rule 3     declaracion -> asignacion
Rule 4     declaracion -> funcion
Rule 5     declaracion -> inclusion
Rule 6     declaracion -> retorno
Rule 7     inclusion -> RESERVADO RESERVADO
Rule 8     funcion -> RESERVADO RESERVADO PARENTESIS_ABIERTO PARENTESIS_CERRADO bloque
Rule 9     funcion -> RESERVADO PARENTESIS_ABIERTO argumentos PARENTESIS_CERRADO PUNTOCOMA
Rule 10    funcion -> RESERVADO PARENTESIS_ABIERTO argumentos PARENTESIS_CERRADO bloque
Rule 11    bloque -> LLAVE_ABIERTA declaraciones LLAVE_CERRADA
Rule 12    asignacion -> RESERVADO IDENTIFICADOR IGUAL valor PUNTOCOMA
Rule 13    asignacion -> IDENTIFICADOR IGUAL valor
Rule 14    asignacion -> IDENTIFICADOR MENOR_IGUAL valor
Rule 15    asignacion -> IDENTIFICADOR IGUAL operacion PUNTOCOMA
Rule 16    valor -> IDENTIFICADOR
Rule 17    valor -> NUMERO
Rule 18    argumentos -> argumento
Rule 19    argumentos -> argumento COMA argumentos
Rule 20    argumentos -> argumento PUNTOCOMA argumentos
Rule 21    argumento -> STRING
Rule 22    argumento -> referencia
Rule 23    argumento -> IDENTIFICADOR
Rule 24    argumento -> asignacion
Rule 25    argumento -> incremento
Rule 26    referencia -> AMPERSON IDENTIFICADOR
Rule 27    incremento -> IDENTIFICADOR MASMAS
Rule 28    operacion -> valor MULT valor
Rule 29    retorno -> RESERVADO valor PUNTOCOMA

Terminals, with rules where they appear

AMPERSON             : 26
COMA                 : 19
IDENTIFICADOR        : 12 13 14 15 16 23 26 27
IGUAL                : 12 13 15
LLAVE_ABIERTA        : 11
LLAVE_CERRADA        : 11
MASMAS               : 27
MENOR_IGUAL          : 14
MULT                 : 28
NUMERO               : 17
PARENTESIS_ABIERTO   : 8 9 10
PARENTESIS_CERRADO   : 8 9 10
PUNTOCOMA            : 9 12 15 20 29
RESERVADO            : 7 7 8 8 9 10 12 29
STRING               : 21
error                : 

Nonterminals, with rules where they appear

argumento            : 18 19 20
argumentos           : 9 10 19 20
asignacion           : 3 24
bloque               : 8 10
declaracion          : 1 2
declaraciones        : 1 11 0
funcion              : 4
inclusion            : 5
incremento           : 25
operacion            : 15
referencia           : 22
retorno              : 6
valor                : 12 13 14 28 28 29

Parsing method: LALR

state 0

    (0) S' -> . declaraciones
    (1) declaraciones -> . declaracion declaraciones
    (2) declaraciones -> . declaracion
    (3) declaracion -> . asignacion
    (4) declaracion -> . funcion
    (5) declaracion -> . inclusion
    (6) declaracion -> . retorno
    (12) asignacion -> . RESERVADO IDENTIFICADOR IGUAL valor PUNTOCOMA
    (13) asignacion -> . IDENTIFICADOR IGUAL valor
    (14) asignacion -> . IDENTIFICADOR MENOR_IGUAL valor
    (15) asignacion -> . IDENTIFICADOR IGUAL operacion PUNTOCOMA
    (8) funcion -> . RESERVADO RESERVADO PARENTESIS_ABIERTO PARENTESIS_CERRADO bloque
    (9) funcion -> . RESERVADO PARENTESIS_ABIERTO argumentos PARENTESIS_CERRADO PUNTOCOMA
    (10) funcion -> . RESERVADO PARENTESIS_ABIERTO argumentos PARENTESIS_CERRADO bloque
    (7) inclusion -> . RESERVADO RESERVADO
    (29) retorno -> . RESERVADO valor PUNTOCOMA

    RESERVADO       shift and go to state 7
    IDENTIFICADOR   shift and go to state 8

    declaraciones                  shift and go to state 1
    declaracion                    shift and go to state 2
    asignacion                     shift and go to state 3
    funcion                        shift and go to state 4
    inclusion                      shift and go to state 5
    retorno                        shift and go to state 6

state 1

    (0) S' -> declaraciones .



state 2

    (1) declaraciones -> declaracion . declaraciones
    (2) declaraciones -> declaracion .
    (1) declaraciones -> . declaracion declaraciones
    (2) declaraciones -> . declaracion
    (3) declaracion -> . asignacion
    (4) declaracion -> . funcion
    (5) declaracion -> . inclusion
    (6) declaracion -> . retorno
    (12) asignacion -> . RESERVADO IDENTIFICADOR IGUAL valor PUNTOCOMA
    (13) asignacion -> . IDENTIFICADOR IGUAL valor
    (14) asignacion -> . IDENTIFICADOR MENOR_IGUAL valor
    (15) asignacion -> . IDENTIFICADOR IGUAL operacion PUNTOCOMA
    (8) funcion -> . RESERVADO RESERVADO PARENTESIS_ABIERTO PARENTESIS_CERRADO bloque
    (9) funcion -> . RESERVADO PARENTESIS_ABIERTO argumentos PARENTESIS_CERRADO PUNTOCOMA
    (10) funcion -> . RESERVADO PARENTESIS_ABIERTO argumentos PARENTESIS_CERRADO bloque
    (7) inclusion -> . RESERVADO RESERVADO
    (29) retorno -> . RESERVADO valor PUNTOCOMA

    $end            reduce using rule 2 (declaraciones -> declaracion .)
    LLAVE_CERRADA   reduce using rule 2 (declaraciones -> declaracion .)
    RESERVADO       shift and go to state 7
    IDENTIFICADOR   shift and go to state 8

    declaracion                    shift and go to state 2
    declaraciones                  shift and go to state 9
    asignacion                     shift and go to state 3
    funcion                        shift and go to state 4
    inclusion                      shift and go to state 5
    retorno                        shift and go to state 6

state 3

    (3) declaracion -> asignacion .

    RESERVADO       reduce using rule 3 (declaracion -> asignacion .)
    IDENTIFICADOR   reduce using rule 3 (declaracion -> asignacion .)
    $end            reduce using rule 3 (declaracion -> asignacion .)
    LLAVE_CERRADA   reduce using rule 3 (declaracion -> asignacion .)


state 4

    (4) declaracion -> funcion .

    RESERVADO       reduce using rule 4 (declaracion -> funcion .)
    IDENTIFICADOR   reduce using rule 4 (declaracion -> funcion .)
    $end            reduce using rule 4 (declaracion -> funcion .)
    LLAVE_CERRADA   reduce using rule 4 (declaracion -> funcion .)


state 5

    (5) declaracion -> inclusion .

    RESERVADO       reduce using rule 5 (declaracion -> inclusion .)
    IDENTIFICADOR   reduce using rule 5 (declaracion -> inclusion .)
    $end            reduce using rule 5 (declaracion -> inclusion .)
    LLAVE_CERRADA   reduce using rule 5 (declaracion -> inclusion .)


state 6

    (6) declaracion -> retorno .

    RESERVADO       reduce using rule 6 (declaracion -> retorno .)
    IDENTIFICADOR   reduce using rule 6 (declaracion -> retorno .)
    $end            reduce using rule 6 (declaracion -> retorno .)
    LLAVE_CERRADA   reduce using rule 6 (declaracion -> retorno .)


state 7

    (12) asignacion -> RESERVADO . IDENTIFICADOR IGUAL valor PUNTOCOMA
    (8) funcion -> RESERVADO . RESERVADO PARENTESIS_ABIERTO PARENTESIS_CERRADO bloque
    (9) funcion -> RESERVADO . PARENTESIS_ABIERTO argumentos PARENTESIS_CERRADO PUNTOCOMA
    (10) funcion -> RESERVADO . PARENTESIS_ABIERTO argumentos PARENTESIS_CERRADO bloque
    (7) inclusion -> RESERVADO . RESERVADO
    (29) retorno -> RESERVADO . valor PUNTOCOMA
    (16) valor -> . IDENTIFICADOR
    (17) valor -> . NUMERO

    IDENTIFICADOR   shift and go to state 11
    RESERVADO       shift and go to state 10
    PARENTESIS_ABIERTO shift and go to state 13
    NUMERO          shift and go to state 14

    valor                          shift and go to state 12

state 8

    (13) asignacion -> IDENTIFICADOR . IGUAL valor
    (14) asignacion -> IDENTIFICADOR . MENOR_IGUAL valor
    (15) asignacion -> IDENTIFICADOR . IGUAL operacion PUNTOCOMA

    IGUAL           shift and go to state 15
    MENOR_IGUAL     shift and go to state 16


state 9

    (1) declaraciones -> declaracion declaraciones .

    $end            reduce using rule 1 (declaraciones -> declaracion declaraciones .)
    LLAVE_CERRADA   reduce using rule 1 (declaraciones -> declaracion declaraciones .)


state 10

    (8) funcion -> RESERVADO RESERVADO . PARENTESIS_ABIERTO PARENTESIS_CERRADO bloque
    (7) inclusion -> RESERVADO RESERVADO .

    PARENTESIS_ABIERTO shift and go to state 17
    RESERVADO       reduce using rule 7 (inclusion -> RESERVADO RESERVADO .)
    IDENTIFICADOR   reduce using rule 7 (inclusion -> RESERVADO RESERVADO .)
    $end            reduce using rule 7 (inclusion -> RESERVADO RESERVADO .)
    LLAVE_CERRADA   reduce using rule 7 (inclusion -> RESERVADO RESERVADO .)


state 11

    (12) asignacion -> RESERVADO IDENTIFICADOR . IGUAL valor PUNTOCOMA
    (16) valor -> IDENTIFICADOR .

    IGUAL           shift and go to state 18
    PUNTOCOMA       reduce using rule 16 (valor -> IDENTIFICADOR .)


state 12

    (29) retorno -> RESERVADO valor . PUNTOCOMA

    PUNTOCOMA       shift and go to state 19


state 13

    (9) funcion -> RESERVADO PARENTESIS_ABIERTO . argumentos PARENTESIS_CERRADO PUNTOCOMA
    (10) funcion -> RESERVADO PARENTESIS_ABIERTO . argumentos PARENTESIS_CERRADO bloque
    (18) argumentos -> . argumento
    (19) argumentos -> . argumento COMA argumentos
    (20) argumentos -> . argumento PUNTOCOMA argumentos
    (21) argumento -> . STRING
    (22) argumento -> . referencia
    (23) argumento -> . IDENTIFICADOR
    (24) argumento -> . asignacion
    (25) argumento -> . incremento
    (26) referencia -> . AMPERSON IDENTIFICADOR
    (12) asignacion -> . RESERVADO IDENTIFICADOR IGUAL valor PUNTOCOMA
    (13) asignacion -> . IDENTIFICADOR IGUAL valor
    (14) asignacion -> . IDENTIFICADOR MENOR_IGUAL valor
    (15) asignacion -> . IDENTIFICADOR IGUAL operacion PUNTOCOMA
    (27) incremento -> . IDENTIFICADOR MASMAS

    STRING          shift and go to state 23
    IDENTIFICADOR   shift and go to state 25
    AMPERSON        shift and go to state 28
    RESERVADO       shift and go to state 20

    argumentos                     shift and go to state 21
    argumento                      shift and go to state 22
    referencia                     shift and go to state 24
    asignacion                     shift and go to state 26
    incremento                     shift and go to state 27

state 14

    (17) valor -> NUMERO .

    PUNTOCOMA       reduce using rule 17 (valor -> NUMERO .)
    MULT            reduce using rule 17 (valor -> NUMERO .)
    RESERVADO       reduce using rule 17 (valor -> NUMERO .)
    IDENTIFICADOR   reduce using rule 17 (valor -> NUMERO .)
    $end            reduce using rule 17 (valor -> NUMERO .)
    LLAVE_CERRADA   reduce using rule 17 (valor -> NUMERO .)
    COMA            reduce using rule 17 (valor -> NUMERO .)
    PARENTESIS_CERRADO reduce using rule 17 (valor -> NUMERO .)


state 15

    (13) asignacion -> IDENTIFICADOR IGUAL . valor
    (15) asignacion -> IDENTIFICADOR IGUAL . operacion PUNTOCOMA
    (16) valor -> . IDENTIFICADOR
    (17) valor -> . NUMERO
    (28) operacion -> . valor MULT valor

    IDENTIFICADOR   shift and go to state 29
    NUMERO          shift and go to state 14

    valor                          shift and go to state 30
    operacion                      shift and go to state 31

state 16

    (14) asignacion -> IDENTIFICADOR MENOR_IGUAL . valor
    (16) valor -> . IDENTIFICADOR
    (17) valor -> . NUMERO

    IDENTIFICADOR   shift and go to state 29
    NUMERO          shift and go to state 14

    valor                          shift and go to state 32

state 17

    (8) funcion -> RESERVADO RESERVADO PARENTESIS_ABIERTO . PARENTESIS_CERRADO bloque

    PARENTESIS_CERRADO shift and go to state 33


state 18

    (12) asignacion -> RESERVADO IDENTIFICADOR IGUAL . valor PUNTOCOMA
    (16) valor -> . IDENTIFICADOR
    (17) valor -> . NUMERO

    IDENTIFICADOR   shift and go to state 29
    NUMERO          shift and go to state 14

    valor                          shift and go to state 34

state 19

    (29) retorno -> RESERVADO valor PUNTOCOMA .

    RESERVADO       reduce using rule 29 (retorno -> RESERVADO valor PUNTOCOMA .)
    IDENTIFICADOR   reduce using rule 29 (retorno -> RESERVADO valor PUNTOCOMA .)
    $end            reduce using rule 29 (retorno -> RESERVADO valor PUNTOCOMA .)
    LLAVE_CERRADA   reduce using rule 29 (retorno -> RESERVADO valor PUNTOCOMA .)


state 20

    (12) asignacion -> RESERVADO . IDENTIFICADOR IGUAL valor PUNTOCOMA

    IDENTIFICADOR   shift and go to state 35


state 21

    (9) funcion -> RESERVADO PARENTESIS_ABIERTO argumentos . PARENTESIS_CERRADO PUNTOCOMA
    (10) funcion -> RESERVADO PARENTESIS_ABIERTO argumentos . PARENTESIS_CERRADO bloque

    PARENTESIS_CERRADO shift and go to state 36


state 22

    (18) argumentos -> argumento .
    (19) argumentos -> argumento . COMA argumentos
    (20) argumentos -> argumento . PUNTOCOMA argumentos

    PARENTESIS_CERRADO reduce using rule 18 (argumentos -> argumento .)
    COMA            shift and go to state 37
    PUNTOCOMA       shift and go to state 38


state 23

    (21) argumento -> STRING .

    COMA            reduce using rule 21 (argumento -> STRING .)
    PUNTOCOMA       reduce using rule 21 (argumento -> STRING .)
    PARENTESIS_CERRADO reduce using rule 21 (argumento -> STRING .)


state 24

    (22) argumento -> referencia .

    COMA            reduce using rule 22 (argumento -> referencia .)
    PUNTOCOMA       reduce using rule 22 (argumento -> referencia .)
    PARENTESIS_CERRADO reduce using rule 22 (argumento -> referencia .)


state 25

    (23) argumento -> IDENTIFICADOR .
    (13) asignacion -> IDENTIFICADOR . IGUAL valor
    (14) asignacion -> IDENTIFICADOR . MENOR_IGUAL valor
    (15) asignacion -> IDENTIFICADOR . IGUAL operacion PUNTOCOMA
    (27) incremento -> IDENTIFICADOR . MASMAS

    COMA            reduce using rule 23 (argumento -> IDENTIFICADOR .)
    PUNTOCOMA       reduce using rule 23 (argumento -> IDENTIFICADOR .)
    PARENTESIS_CERRADO reduce using rule 23 (argumento -> IDENTIFICADOR .)
    IGUAL           shift and go to state 15
    MENOR_IGUAL     shift and go to state 16
    MASMAS          shift and go to state 39


state 26

    (24) argumento -> asignacion .

    COMA            reduce using rule 24 (argumento -> asignacion .)
    PUNTOCOMA       reduce using rule 24 (argumento -> asignacion .)
    PARENTESIS_CERRADO reduce using rule 24 (argumento -> asignacion .)


state 27

    (25) argumento -> incremento .

    COMA            reduce using rule 25 (argumento -> incremento .)
    PUNTOCOMA       reduce using rule 25 (argumento -> incremento .)
    PARENTESIS_CERRADO reduce using rule 25 (argumento -> incremento .)


state 28

    (26) referencia -> AMPERSON . IDENTIFICADOR

    IDENTIFICADOR   shift and go to state 40


state 29

    (16) valor -> IDENTIFICADOR .

    MULT            reduce using rule 16 (valor -> IDENTIFICADOR .)
    RESERVADO       reduce using rule 16 (valor -> IDENTIFICADOR .)
    IDENTIFICADOR   reduce using rule 16 (valor -> IDENTIFICADOR .)
    $end            reduce using rule 16 (valor -> IDENTIFICADOR .)
    LLAVE_CERRADA   reduce using rule 16 (valor -> IDENTIFICADOR .)
    COMA            reduce using rule 16 (valor -> IDENTIFICADOR .)
    PUNTOCOMA       reduce using rule 16 (valor -> IDENTIFICADOR .)
    PARENTESIS_CERRADO reduce using rule 16 (valor -> IDENTIFICADOR .)


state 30

    (13) asignacion -> IDENTIFICADOR IGUAL valor .
    (28) operacion -> valor . MULT valor

    RESERVADO       reduce using rule 13 (asignacion -> IDENTIFICADOR IGUAL valor .)
    IDENTIFICADOR   reduce using rule 13 (asignacion -> IDENTIFICADOR IGUAL valor .)
    $end            reduce using rule 13 (asignacion -> IDENTIFICADOR IGUAL valor .)
    LLAVE_CERRADA   reduce using rule 13 (asignacion -> IDENTIFICADOR IGUAL valor .)
    COMA            reduce using rule 13 (asignacion -> IDENTIFICADOR IGUAL valor .)
    PUNTOCOMA       reduce using rule 13 (asignacion -> IDENTIFICADOR IGUAL valor .)
    PARENTESIS_CERRADO reduce using rule 13 (asignacion -> IDENTIFICADOR IGUAL valor .)
    MULT            shift and go to state 41


state 31

    (15) asignacion -> IDENTIFICADOR IGUAL operacion . PUNTOCOMA

    PUNTOCOMA       shift and go to state 42


state 32

    (14) asignacion -> IDENTIFICADOR MENOR_IGUAL valor .

    RESERVADO       reduce using rule 14 (asignacion -> IDENTIFICADOR MENOR_IGUAL valor .)
    IDENTIFICADOR   reduce using rule 14 (asignacion -> IDENTIFICADOR MENOR_IGUAL valor .)
    $end            reduce using rule 14 (asignacion -> IDENTIFICADOR MENOR_IGUAL valor .)
    LLAVE_CERRADA   reduce using rule 14 (asignacion -> IDENTIFICADOR MENOR_IGUAL valor .)
    COMA            reduce using rule 14 (asignacion -> IDENTIFICADOR MENOR_IGUAL valor .)
    PUNTOCOMA       reduce using rule 14 (asignacion -> IDENTIFICADOR MENOR_IGUAL valor .)
    PARENTESIS_CERRADO reduce using rule 14 (asignacion -> IDENTIFICADOR MENOR_IGUAL valor .)


state 33

    (8) funcion -> RESERVADO RESERVADO PARENTESIS_ABIERTO PARENTESIS_CERRADO . bloque
    (11) bloque -> . LLAVE_ABIERTA declaraciones LLAVE_CERRADA

    LLAVE_ABIERTA   shift and go to state 44

    bloque                         shift and go to state 43

state 34

    (12) asignacion -> RESERVADO IDENTIFICADOR IGUAL valor . PUNTOCOMA

    PUNTOCOMA       shift and go to state 45


state 35

    (12) asignacion -> RESERVADO IDENTIFICADOR . IGUAL valor PUNTOCOMA

    IGUAL           shift and go to state 18


state 36

    (9) funcion -> RESERVADO PARENTESIS_ABIERTO argumentos PARENTESIS_CERRADO . PUNTOCOMA
    (10) funcion -> RESERVADO PARENTESIS_ABIERTO argumentos PARENTESIS_CERRADO . bloque
    (11) bloque -> . LLAVE_ABIERTA declaraciones LLAVE_CERRADA

    PUNTOCOMA       shift and go to state 46
    LLAVE_ABIERTA   shift and go to state 44

    bloque                         shift and go to state 47

state 37

    (19) argumentos -> argumento COMA . argumentos
    (18) argumentos -> . argumento
    (19) argumentos -> . argumento COMA argumentos
    (20) argumentos -> . argumento PUNTOCOMA argumentos
    (21) argumento -> . STRING
    (22) argumento -> . referencia
    (23) argumento -> . IDENTIFICADOR
    (24) argumento -> . asignacion
    (25) argumento -> . incremento
    (26) referencia -> . AMPERSON IDENTIFICADOR
    (12) asignacion -> . RESERVADO IDENTIFICADOR IGUAL valor PUNTOCOMA
    (13) asignacion -> . IDENTIFICADOR IGUAL valor
    (14) asignacion -> . IDENTIFICADOR MENOR_IGUAL valor
    (15) asignacion -> . IDENTIFICADOR IGUAL operacion PUNTOCOMA
    (27) incremento -> . IDENTIFICADOR MASMAS

    STRING          shift and go to state 23
    IDENTIFICADOR   shift and go to state 25
    AMPERSON        shift and go to state 28
    RESERVADO       shift and go to state 20

    argumento                      shift and go to state 22
    argumentos                     shift and go to state 48
    referencia                     shift and go to state 24
    asignacion                     shift and go to state 26
    incremento                     shift and go to state 27

state 38

    (20) argumentos -> argumento PUNTOCOMA . argumentos
    (18) argumentos -> . argumento
    (19) argumentos -> . argumento COMA argumentos
    (20) argumentos -> . argumento PUNTOCOMA argumentos
    (21) argumento -> . STRING
    (22) argumento -> . referencia
    (23) argumento -> . IDENTIFICADOR
    (24) argumento -> . asignacion
    (25) argumento -> . incremento
    (26) referencia -> . AMPERSON IDENTIFICADOR
    (12) asignacion -> . RESERVADO IDENTIFICADOR IGUAL valor PUNTOCOMA
    (13) asignacion -> . IDENTIFICADOR IGUAL valor
    (14) asignacion -> . IDENTIFICADOR MENOR_IGUAL valor
    (15) asignacion -> . IDENTIFICADOR IGUAL operacion PUNTOCOMA
    (27) incremento -> . IDENTIFICADOR MASMAS

    STRING          shift and go to state 23
    IDENTIFICADOR   shift and go to state 25
    AMPERSON        shift and go to state 28
    RESERVADO       shift and go to state 20

    argumento                      shift and go to state 22
    argumentos                     shift and go to state 49
    referencia                     shift and go to state 24
    asignacion                     shift and go to state 26
    incremento                     shift and go to state 27

state 39

    (27) incremento -> IDENTIFICADOR MASMAS .

    COMA            reduce using rule 27 (incremento -> IDENTIFICADOR MASMAS .)
    PUNTOCOMA       reduce using rule 27 (incremento -> IDENTIFICADOR MASMAS .)
    PARENTESIS_CERRADO reduce using rule 27 (incremento -> IDENTIFICADOR MASMAS .)


state 40

    (26) referencia -> AMPERSON IDENTIFICADOR .

    COMA            reduce using rule 26 (referencia -> AMPERSON IDENTIFICADOR .)
    PUNTOCOMA       reduce using rule 26 (referencia -> AMPERSON IDENTIFICADOR .)
    PARENTESIS_CERRADO reduce using rule 26 (referencia -> AMPERSON IDENTIFICADOR .)


state 41

    (28) operacion -> valor MULT . valor
    (16) valor -> . IDENTIFICADOR
    (17) valor -> . NUMERO

    IDENTIFICADOR   shift and go to state 29
    NUMERO          shift and go to state 14

    valor                          shift and go to state 50

state 42

    (15) asignacion -> IDENTIFICADOR IGUAL operacion PUNTOCOMA .

    RESERVADO       reduce using rule 15 (asignacion -> IDENTIFICADOR IGUAL operacion PUNTOCOMA .)
    IDENTIFICADOR   reduce using rule 15 (asignacion -> IDENTIFICADOR IGUAL operacion PUNTOCOMA .)
    $end            reduce using rule 15 (asignacion -> IDENTIFICADOR IGUAL operacion PUNTOCOMA .)
    LLAVE_CERRADA   reduce using rule 15 (asignacion -> IDENTIFICADOR IGUAL operacion PUNTOCOMA .)
    COMA            reduce using rule 15 (asignacion -> IDENTIFICADOR IGUAL operacion PUNTOCOMA .)
    PUNTOCOMA       reduce using rule 15 (asignacion -> IDENTIFICADOR IGUAL operacion PUNTOCOMA .)
    PARENTESIS_CERRADO reduce using rule 15 (asignacion -> IDENTIFICADOR IGUAL operacion PUNTOCOMA .)


state 43

    (8) funcion -> RESERVADO RESERVADO PARENTESIS_ABIERTO PARENTESIS_CERRADO bloque .

    RESERVADO       reduce using rule 8 (funcion -> RESERVADO RESERVADO PARENTESIS_ABIERTO PARENTESIS_CERRADO bloque .)
    IDENTIFICADOR   reduce using rule 8 (funcion -> RESERVADO RESERVADO PARENTESIS_ABIERTO PARENTESIS_CERRADO bloque .)
    $end            reduce using rule 8 (funcion -> RESERVADO RESERVADO PARENTESIS_ABIERTO PARENTESIS_CERRADO bloque .)
    LLAVE_CERRADA   reduce using rule 8 (funcion -> RESERVADO RESERVADO PARENTESIS_ABIERTO PARENTESIS_CERRADO bloque .)


state 44

    (11) bloque -> LLAVE_ABIERTA . declaraciones LLAVE_CERRADA
    (1) declaraciones -> . declaracion declaraciones
    (2) declaraciones -> . declaracion
    (3) declaracion -> . asignacion
    (4) declaracion -> . funcion
    (5) declaracion -> . inclusion
    (6) declaracion -> . retorno
    (12) asignacion -> . RESERVADO IDENTIFICADOR IGUAL valor PUNTOCOMA
    (13) asignacion -> . IDENTIFICADOR IGUAL valor
    (14) asignacion -> . IDENTIFICADOR MENOR_IGUAL valor
    (15) asignacion -> . IDENTIFICADOR IGUAL operacion PUNTOCOMA
    (8) funcion -> . RESERVADO RESERVADO PARENTESIS_ABIERTO PARENTESIS_CERRADO bloque
    (9) funcion -> . RESERVADO PARENTESIS_ABIERTO argumentos PARENTESIS_CERRADO PUNTOCOMA
    (10) funcion -> . RESERVADO PARENTESIS_ABIERTO argumentos PARENTESIS_CERRADO bloque
    (7) inclusion -> . RESERVADO RESERVADO
    (29) retorno -> . RESERVADO valor PUNTOCOMA

    RESERVADO       shift and go to state 7
    IDENTIFICADOR   shift and go to state 8

    declaraciones                  shift and go to state 51
    declaracion                    shift and go to state 2
    asignacion                     shift and go to state 3
    funcion                        shift and go to state 4
    inclusion                      shift and go to state 5
    retorno                        shift and go to state 6

state 45

    (12) asignacion -> RESERVADO IDENTIFICADOR IGUAL valor PUNTOCOMA .

    RESERVADO       reduce using rule 12 (asignacion -> RESERVADO IDENTIFICADOR IGUAL valor PUNTOCOMA .)
    IDENTIFICADOR   reduce using rule 12 (asignacion -> RESERVADO IDENTIFICADOR IGUAL valor PUNTOCOMA .)
    $end            reduce using rule 12 (asignacion -> RESERVADO IDENTIFICADOR IGUAL valor PUNTOCOMA .)
    LLAVE_CERRADA   reduce using rule 12 (asignacion -> RESERVADO IDENTIFICADOR IGUAL valor PUNTOCOMA .)
    COMA            reduce using rule 12 (asignacion -> RESERVADO IDENTIFICADOR IGUAL valor PUNTOCOMA .)
    PUNTOCOMA       reduce using rule 12 (asignacion -> RESERVADO IDENTIFICADOR IGUAL valor PUNTOCOMA .)
    PARENTESIS_CERRADO reduce using rule 12 (asignacion -> RESERVADO IDENTIFICADOR IGUAL valor PUNTOCOMA .)


state 46

    (9) funcion -> RESERVADO PARENTESIS_ABIERTO argumentos PARENTESIS_CERRADO PUNTOCOMA .

    RESERVADO       reduce using rule 9 (funcion -> RESERVADO PARENTESIS_ABIERTO argumentos PARENTESIS_CERRADO PUNTOCOMA .)
    IDENTIFICADOR   reduce using rule 9 (funcion -> RESERVADO PARENTESIS_ABIERTO argumentos PARENTESIS_CERRADO PUNTOCOMA .)
    $end            reduce using rule 9 (funcion -> RESERVADO PARENTESIS_ABIERTO argumentos PARENTESIS_CERRADO PUNTOCOMA .)
    LLAVE_CERRADA   reduce using rule 9 (funcion -> RESERVADO PARENTESIS_ABIERTO argumentos PARENTESIS_CERRADO PUNTOCOMA .)


state 47

    (10) funcion -> RESERVADO PARENTESIS_ABIERTO argumentos PARENTESIS_CERRADO bloque .

    RESERVADO       reduce using rule 10 (funcion -> RESERVADO PARENTESIS_ABIERTO argumentos PARENTESIS_CERRADO bloque .)
    IDENTIFICADOR   reduce using rule 10 (funcion -> RESERVADO PARENTESIS_ABIERTO argumentos PARENTESIS_CERRADO bloque .)
    $end            reduce using rule 10 (funcion -> RESERVADO PARENTESIS_ABIERTO argumentos PARENTESIS_CERRADO bloque .)
    LLAVE_CERRADA   reduce using rule 10 (funcion -> RESERVADO PARENTESIS_ABIERTO argumentos PARENTESIS_CERRADO bloque .)


state 48

    (19) argumentos -> argumento COMA argumentos .

    PARENTESIS_CERRADO reduce using rule 19 (argumentos -> argumento COMA argumentos .)


state 49

    (20) argumentos -> argumento PUNTOCOMA argumentos .

    PARENTESIS_CERRADO reduce using rule 20 (argumentos -> argumento PUNTOCOMA argumentos .)


state 50

    (28) operacion -> valor MULT valor .

    PUNTOCOMA       reduce using rule 28 (operacion -> valor MULT valor .)


state 51

    (11) bloque -> LLAVE_ABIERTA declaraciones . LLAVE_CERRADA

    LLAVE_CERRADA   shift and go to state 52


state 52

    (11) bloque -> LLAVE_ABIERTA declaraciones LLAVE_CERRADA .

    RESERVADO       reduce using rule 11 (bloque -> LLAVE_ABIERTA declaraciones LLAVE_CERRADA .)
    IDENTIFICADOR   reduce using rule 11 (bloque -> LLAVE_ABIERTA declaraciones LLAVE_CERRADA .)
    $end            reduce using rule 11 (bloque -> LLAVE_ABIERTA declaraciones LLAVE_CERRADA .)
    LLAVE_CERRADA   reduce using rule 11 (bloque -> LLAVE_ABIERTA declaraciones LLAVE_CERRADA .)

